0 verbose cli C:\Program Files\nodejs\node.exe C:\Program Files\nodejs\node_modules\npm\bin\npm-cli.js
1 info using npm@10.9.2
2 info using node@v22.17.0
3 silly config load:file:C:\Program Files\nodejs\node_modules\npm\npmrc
4 silly config load:file:C:\Users\yu\intimacy-relax\.npmrc
5 silly config load:file:C:\Users\yu\.npmrc
6 silly config load:file:C:\Users\yu\AppData\Roaming\npm\etc\npmrc
7 verbose title npm install @supabase/supabase-js react-router-dom
8 verbose argv "install" "@supabase/supabase-js" "react-router-dom" "--cache" ".npm-cache" "--no-audit" "--no-fund"
9 verbose logfile logs-max:10 dir:C:\Users\yu\intimacy-relax\.npm-cache\_logs\2026-04-16T12_49_02_734Z-
10 verbose logfile C:\Users\yu\intimacy-relax\.npm-cache\_logs\2026-04-16T12_49_02_734Z-debug-0.log
11 silly logfile done cleaning log files
12 silly packumentCache heap:4345298944 maxSize:1086324736 maxEntrySize:543162368
13 silly idealTree buildDeps
14 silly fetch manifest @supabase/supabase-js@*
15 silly packumentCache full:https://registry.npmjs.org/@supabase%2fsupabase-js cache-miss
16 http fetch GET https://registry.npmjs.org/npm attempt 1 failed with EACCES
17 http fetch GET https://registry.npmjs.org/@supabase%2fsupabase-js attempt 1 failed with EACCES
18 http fetch GET https://registry.npmjs.org/npm attempt 2 failed with EACCES
19 http fetch GET https://registry.npmjs.org/@supabase%2fsupabase-js attempt 2 failed with EACCES
20 http fetch GET https://registry.npmjs.org/npm attempt 3 failed with EACCES
21 http fetch GET https://registry.npmjs.org/@supabase%2fsupabase-js attempt 3 failed with EACCES
22 silly fetch manifest react-router-dom@*
23 silly packumentCache full:https://registry.npmjs.org/react-router-dom cache-miss
24 http fetch GET https://registry.npmjs.org/react-router-dom attempt 1 failed with EACCES
25 http fetch GET https://registry.npmjs.org/react-router-dom attempt 2 failed with EACCES
26 http fetch GET https://registry.npmjs.org/react-router-dom attempt 3 failed with EACCES
27 silly placeDep ROOT @supabase/supabase-js@ OK for: intimacy-relax@1.0.0 want: *
28 silly placeDep ROOT react-router-dom@ OK for: intimacy-relax@1.0.0 want: *
29 verbose type system
30 verbose stack FetchError: request to https://registry.npmjs.org/@supabase%2fsupabase-js failed, reason: 
30 verbose stack     at ClientRequest.<anonymous> (C:\Program Files\nodejs\node_modules\npm\node_modules\minipass-fetch\lib\index.js:130:14)
30 verbose stack     at ClientRequest.emit (node:events:518:28)
30 verbose stack     at emitErrorEvent (node:_http_client:104:11)
30 verbose stack     at _destroy (node:_http_client:898:9)
30 verbose stack     at onSocketNT (node:_http_client:918:5)
30 verbose stack     at process.processTicksAndRejections (node:internal/process/task_queues:91:21)
31 error code EACCES
32 error errno EACCES
33 error FetchError: request to https://registry.npmjs.org/@supabase%2fsupabase-js failed, reason: 
33 error     at ClientRequest.<anonymous> (C:\Program Files\nodejs\node_modules\npm\node_modules\minipass-fetch\lib\index.js:130:14)
33 error     at ClientRequest.emit (node:events:518:28)
33 error     at emitErrorEvent (node:_http_client:104:11)
33 error     at _destroy (node:_http_client:898:9)
33 error     at onSocketNT (node:_http_client:918:5)
33 error     at process.processTicksAndRejections (node:internal/process/task_queues:91:21) {
33 error   code: 'EACCES',
33 error   errno: 'EACCES',
33 error   type: 'system',
33 error   requiredBy: '.'
33 error }
34 error
34 error The operation was rejected by your operating system.
34 error It's possible that the file was already in use (by a text editor or antivirus),
34 error or that you lack permissions to access it.
34 error
34 error If you believe this might be a permissions issue, please double-check the
34 error permissions of the file and its containing directories, or try running
34 error the command again as root/Administrator.
35 silly unfinished npm timer reify 1776343743211
36 silly unfinished npm timer reify:loadTrees 1776343743211
37 verbose cwd C:\Users\yu\intimacy-relax
38 verbose os Windows_NT 10.0.26200
39 verbose node v22.17.0
40 verbose npm  v10.9.2
41 verbose exit 1
42 verbose code 1
43 error A complete log of this run can be found in: C:\Users\yu\intimacy-relax\.npm-cache\_logs\2026-04-16T12_49_02_734Z-debug-0.log
